0 info it worked if it ends with ok
1 verbose cli [ '/usr/bin/nodejs', '/usr/bin/npm', 'install', '--save' ]
2 info using npm@3.8.3
3 info using node@v5.10.1
4 silly loadCurrentTree Starting
5 silly install loadCurrentTree
6 silly install readLocalPackageData
7 silly install normalizeTree
8 silly loadCurrentTree Finishing
9 silly loadIdealTree Starting
10 silly install loadIdealTree
11 silly cloneCurrentTree Starting
12 silly install cloneCurrentTreeToIdealTree
13 silly cloneCurrentTree Finishing
14 silly loadShrinkwrap Starting
15 silly install loadShrinkwrap
16 silly loadShrinkwrap Finishing
17 silly loadAllDepsIntoIdealTree Starting
18 silly install loadAllDepsIntoIdealTree
19 silly fetchNamedPackageData express
20 silly mapToRegistry name express
21 silly mapToRegistry using default registry
22 silly mapToRegistry registry https://registry.npmjs.org/
23 silly mapToRegistry data Result {
23 silly mapToRegistry   raw: 'express',
23 silly mapToRegistry   scope: null,
23 silly mapToRegistry   name: 'express',
23 silly mapToRegistry   rawSpec: '',
23 silly mapToRegistry   spec: 'latest',
23 silly mapToRegistry   type: 'tag' }
24 silly mapToRegistry uri https://registry.npmjs.org/express
25 silly fetchOtherPackageData postinstall@./node_modules/bower/bin/bower install
26 silly cache add args [ 'postinstall@./node_modules/bower/bin/bower install', null ]
27 verbose cache add spec postinstall@./node_modules/bower/bin/bower install
28 silly cache add parsed spec Result {
28 silly cache add   raw: 'postinstall@./node_modules/bower/bin/bower install',
28 silly cache add   scope: null,
28 silly cache add   name: 'postinstall',
28 silly cache add   rawSpec: './node_modules/bower/bin/bower install',
28 silly cache add   spec: '/home/abdullah/isp/node_modules/bower/bin/bower install',
28 silly cache add   type: 'local' }
29 error addLocal Could not install /home/abdullah/isp/node_modules/bower/bin/bower install
30 silly fetchPackageMetaData Error: ENOENT: no such file or directory, open '/home/abdullah/isp/node_modules/bower/bin/bower install'
30 silly fetchPackageMetaData     at Error (native)
30 silly fetchPackageMetaData  error for postinstall@./node_modules/bower/bin/bower install { [Error: ENOENT: no such file or directory, open '/home/abdullah/isp/node_modules/bower/bin/bower install']
30 silly fetchPackageMetaData   errno: -2,
30 silly fetchPackageMetaData   code: 'ENOENT',
30 silly fetchPackageMetaData   syscall: 'open',
30 silly fetchPackageMetaData   path: '/home/abdullah/isp/node_modules/bower/bin/bower install' }
31 verbose request uri https://registry.npmjs.org/express
32 verbose request no auth needed
33 info attempt registry request try #1 at 8:50:02 PM
34 verbose request id 98598b6121936b9b
35 verbose etag "1IIAOXPGMOM2ZX3RPE1A1GWVK"
36 http request GET https://registry.npmjs.org/express
37 http 304 https://registry.npmjs.org/express
38 verbose headers { date: 'Wed, 04 May 2016 18:51:50 GMT',
38 verbose headers   via: '1.1 varnish',
38 verbose headers   'cache-control': 'max-age=300',
38 verbose headers   etag: '"1IIAOXPGMOM2ZX3RPE1A1GWVK"',
38 verbose headers   age: '63',
38 verbose headers   connection: 'keep-alive',
38 verbose headers   'x-served-by': 'cache-ams4138-AMS',
38 verbose headers   'x-cache': 'HIT',
38 verbose headers   'x-cache-hits': '1',
38 verbose headers   'x-timer': 'S1462387910.568857,VS0,VE0',
38 verbose headers   vary: 'Accept-Encoding' }
39 silly get cb [ 304,
39 silly get   { date: 'Wed, 04 May 2016 18:51:50 GMT',
39 silly get     via: '1.1 varnish',
39 silly get     'cache-control': 'max-age=300',
39 silly get     etag: '"1IIAOXPGMOM2ZX3RPE1A1GWVK"',
39 silly get     age: '63',
39 silly get     connection: 'keep-alive',
39 silly get     'x-served-by': 'cache-ams4138-AMS',
39 silly get     'x-cache': 'HIT',
39 silly get     'x-cache-hits': '1',
39 silly get     'x-timer': 'S1462387910.568857,VS0,VE0',
39 silly get     vary: 'Accept-Encoding' } ]
40 verbose etag https://registry.npmjs.org/express from cache
41 verbose get saving express to /home/abdullah/.npm/registry.npmjs.org/express/.cache.json
42 verbose correctMkdir /home/abdullah/.npm correctMkdir not in flight; initializing
43 silly resolveWithNewModule express@4.2.0 checking installable status
44 silly cache add args [ 'express@~4.2.0', null ]
45 verbose cache add spec express@~4.2.0
46 silly cache add parsed spec Result {
46 silly cache add   raw: 'express@~4.2.0',
46 silly cache add   scope: null,
46 silly cache add   name: 'express',
46 silly cache add   rawSpec: '~4.2.0',
46 silly cache add   spec: '>=4.2.0 <4.3.0',
46 silly cache add   type: 'range' }
47 silly addNamed express@>=4.2.0 <4.3.0
48 verbose addNamed ">=4.2.0 <4.3.0" is a valid semver range for express
49 silly addNameRange { name: 'express', range: '>=4.2.0 <4.3.0', hasData: false }
50 silly mapToRegistry name express
51 silly mapToRegistry using default registry
52 silly mapToRegistry registry https://registry.npmjs.org/
53 silly mapToRegistry data Result {
53 silly mapToRegistry   raw: 'express',
53 silly mapToRegistry   scope: null,
53 silly mapToRegistry   name: 'express',
53 silly mapToRegistry   rawSpec: '',
53 silly mapToRegistry   spec: 'latest',
53 silly mapToRegistry   type: 'tag' }
54 silly mapToRegistry uri https://registry.npmjs.org/express
55 verbose addNameRange registry:https://registry.npmjs.org/express not in flight; fetching
56 verbose get https://registry.npmjs.org/express not expired, no request
57 silly addNameRange number 2 { name: 'express', range: '>=4.2.0 <4.3.0', hasData: true }
58 silly addNameRange versions [ 'express',
58 silly addNameRange   [ '0.14.0',
58 silly addNameRange     '0.14.1',
58 silly addNameRange     '1.0.0',
58 silly addNameRange     '1.0.1',
58 silly addNameRange     '1.0.2',
58 silly addNameRange     '1.0.3',
58 silly addNameRange     '1.0.4',
58 silly addNameRange     '1.0.5',
58 silly addNameRange     '1.0.6',
58 silly addNameRange     '1.0.7',
58 silly addNameRange     '1.0.8',
58 silly addNameRange     '2.0.0',
58 silly addNameRange     '2.1.0',
58 silly addNameRange     '2.1.1',
58 silly addNameRange     '2.2.0',
58 silly addNameRange     '2.2.1',
58 silly addNameRange     '2.2.2',
58 silly addNameRange     '2.3.0',
58 silly addNameRange     '2.3.1',
58 silly addNameRange     '2.3.2',
58 silly addNameRange     '2.3.3',
58 silly addNameRange     '2.3.4',
58 silly addNameRange     '2.3.5',
58 silly addNameRange     '2.3.6',
58 silly addNameRange     '2.3.7',
58 silly addNameRange     '2.3.8',
58 silly addNameRange     '2.3.9',
58 silly addNameRange     '2.3.10',
58 silly addNameRange     '2.3.11',
58 silly addNameRange     '2.3.12',
58 silly addNameRange     '2.4.0',
58 silly addNameRange     '2.4.1',
58 silly addNameRange     '2.4.2',
58 silly addNameRange     '2.4.3',
58 silly addNameRange     '2.4.4',
58 silly addNameRange     '2.4.5',
58 silly addNameRange     '2.4.6',
58 silly addNameRange     '2.4.7',
58 silly addNameRange     '2.5.0',
58 silly addNameRange     '2.5.1',
58 silly addNameRange     '2.5.2',
58 silly addNameRange     '2.5.3',
58 silly addNameRange     '2.5.4',
58 silly addNameRange     '2.5.5',
58 silly addNameRange     '2.5.6',
58 silly addNameRange     '2.5.7',
58 silly addNameRange     '2.5.8',
58 silly addNameRange     '2.5.9',
58 silly addNameRange     '2.5.10',
58 silly addNameRange     '2.5.11',
58 silly addNameRange     '3.0.0',
58 silly addNameRange     '3.0.1',
58 silly addNameRange     '3.0.2',
58 silly addNameRange     '3.0.3',
58 silly addNameRange     '3.0.4',
58 silly addNameRange     '3.0.5',
58 silly addNameRange     '3.0.6',
58 silly addNameRange     '3.1.0',
58 silly addNameRange     '3.1.1',
58 silly addNameRange     '3.1.2',
58 silly addNameRange     '3.2.0',
58 silly addNameRange     '3.2.1',
58 silly addNameRange     '3.2.2',
58 silly addNameRange     '3.2.3',
58 silly addNameRange     '3.2.4',
58 silly addNameRange     '3.2.5',
58 silly addNameRange     '3.2.6',
58 silly addNameRange     '3.3.0',
58 silly addNameRange     '3.3.1',
58 silly addNameRange     '3.3.2',
58 silly addNameRange     '3.3.3',
58 silly addNameRange     '3.3.4',
58 silly addNameRange     '3.3.5',
58 silly addNameRange     '3.3.6',
58 silly addNameRange     '1.0.0-beta',
58 silly addNameRange     '1.0.0-beta2',
58 silly addNameRange     '1.0.0-rc',
58 silly addNameRange     '1.0.0-rc2',
58 silly addNameRange     '1.0.0-rc3',
58 silly addNameRange     '1.0.0-rc4',
58 silly addNameRange     '2.0.0-beta',
58 silly addNameRange     '2.0.0-beta2',
58 silly addNameRange     '2.0.0-beta3',
58 silly addNameRange     '2.0.0-rc',
58 silly addNameRange     '2.0.0-rc2',
58 silly addNameRange     '2.0.0-rc3',
58 silly addNameRange     '3.0.0-alpha1',
58 silly addNameRange     '3.0.0-alpha2',
58 silly addNameRange     '3.0.0-alpha3',
58 silly addNameRange     '3.0.0-alpha4',
58 silly addNameRange     '3.0.0-alpha5',
58 silly addNameRange     '3.0.0-beta1',
58 silly addNameRange     '3.0.0-beta2',
58 silly addNameRange     '3.0.0-beta3',
58 silly addNameRange     '3.0.0-beta4',
58 silly addNameRange     '3.0.0-beta6',
58 silly addNameRange     '3.0.0-beta7',
58 silly addNameRange     '3.0.0-rc1',
58 silly addNameRange     '3.0.0-rc2',
58 silly addNameRange     '3.0.0-rc3',
58 silly addNameRange     '3.0.0-rc4',
58 silly addNameRange     '3.0.0-rc5',
58 silly addNameRange     '3.3.7',
58 silly addNameRange     '3.3.8',
58 silly addNameRange     '3.4.0',
58 silly addNameRange     '3.4.1',
58 silly addNameRange     '3.4.2',
58 silly addNameRange     '3.4.3',
58 silly addNameRange     '3.4.4',
58 silly addNameRange     '3.4.5',
58 silly addNameRange     '3.4.6',
58 silly addNameRange     '3.4.7',
58 silly addNameRange     '3.4.8',
58 silly addNameRange     '4.0.0-rc1',
58 silly addNameRange     '4.0.0-rc2',
58 silly addNameRange     '3.5.0',
58 silly addNameRange     '4.0.0-rc3',
58 silly addNameRange     '4.0.0-rc4',
58 silly addNameRange     '3.5.1',
58 silly addNameRange     '4.0.0',
58 silly addNameRange     '3.5.2',
58 silly addNameRange     '4.1.0',
58 silly addNameRange     '4.1.1',
58 silly addNameRange     '3.5.3',
58 silly addNameRange     '4.1.2',
58 silly addNameRange     '3.6.0',
58 silly addNameRange     '4.2.0',
58 silly addNameRange     '3.7.0',
58 silly addNameRange     '3.8.0',
58 silly addNameRange     '4.3.0',
58 silly addNameRange     '4.3.1',
58 silly addNameRange     '3.8.1',
58 silly addNameRange     '4.3.2',
58 silly addNameRange     '3.9.0',
58 silly addNameRange     '4.4.0',
58 silly addNameRange     '4.4.1',
58 silly addNameRange     '3.10.0',
58 silly addNameRange     '3.10.1',
58 silly addNameRange     '3.10.2',
58 silly addNameRange     '3.10.3',
58 silly addNameRange     '3.10.4',
58 silly addNameRange     '4.4.2',
58 silly addNameRange     '3.10.5',
58 silly addNameRange     '4.4.3',
58 silly addNameRange     '3.11.0',
58 silly addNameRange     '4.4.4',
58 silly addNameRange     '3.12.0',
58 silly addNameRange     '3.12.1',
58 silly addNameRange     '4.4.5',
58 silly addNameRange     '3.13.0',
58 silly addNameRange     '4.5.0',
58 silly addNameRange     '4.5.1',
58 silly addNameRange     '3.14.0',
58 silly addNameRange     '4.6.0',
58 silly addNameRange     '4.6.1',
58 silly addNameRange     '3.15.0',
58 silly addNameRange     '4.7.0',
58 silly addNameRange     '3.15.1',
58 silly addNameRange     '4.7.1',
58 silly addNameRange     '3.15.2',
58 silly addNameRange     '4.7.2',
58 silly addNameRange     '4.7.3',
58 silly addNameRange     '3.15.3',
58 silly addNameRange     '4.7.4',
58 silly addNameRange     '3.16.0',
58 silly addNameRange     '4.8.0',
58 silly addNameRange     '3.16.1',
58 silly addNameRange     '4.8.1',
58 silly addNameRange     '3.16.2',
58 silly addNameRange     '4.8.2',
58 silly addNameRange     '3.16.3',
58 silly addNameRange     '3.16.4',
58 silly addNameRange     '4.8.3',
58 silly addNameRange     '3.16.5',
58 silly addNameRange     '3.16.6',
58 silly addNameRange     '4.8.4',
58 silly addNameRange     '3.16.7',
58 silly addNameRange     '4.8.5',
58 silly addNameRange     '3.16.8',
58 silly addNameRange     '4.8.6',
58 silly addNameRange     '3.16.9',
58 silly addNameRange     '4.8.7',
58 silly addNameRange     '3.16.10',
58 silly addNameRange     '4.8.8',
58 silly addNameRange     '3.17.0',
58 silly addNameRange     '3.17.1',
58 silly addNameRange     '4.9.0',
58 silly addNameRange     '3.17.2',
58 silly addNameRange     '4.9.1',
58 silly addNameRange     '4.9.2',
58 silly addNameRange     '3.17.3',
58 silly addNameRange     '4.9.3',
58 silly addNameRange     '3.17.4',
58 silly addNameRange     '4.9.4',
58 silly addNameRange     '3.17.5',
58 silly addNameRange     '4.9.5',
58 silly addNameRange     '3.17.6',
58 silly addNameRange     '3.17.7',
58 silly addNameRange     '4.9.6',
58 silly addNameRange     '4.9.7',
58 silly addNameRange     '3.17.8',
58 silly addNameRange     '4.9.8',
58 silly addNameRange     '3.18.0',
58 silly addNameRange     '3.18.1',
58 silly addNameRange     '4.10.0',
58 silly addNameRange     '3.18.2',
58 silly addNameRange     '4.10.1',
58 silly addNameRange     '5.0.0-alpha.1',
58 silly addNameRange     '3.18.3',
58 silly addNameRange     '4.10.2',
58 silly addNameRange     '3.18.4',
58 silly addNameRange     '4.10.3',
58 silly addNameRange     '4.10.4',
58 silly addNameRange     '4.10.5',
58 silly addNameRange     '3.18.5',
58 silly addNameRange     '3.18.6',
58 silly addNameRange     '4.10.6',
58 silly addNameRange     '4.10.7',
58 silly addNameRange     '3.19.0',
58 silly addNameRange     '4.10.8',
58 silly addNameRange     '4.11.0',
58 silly addNameRange     '3.19.1',
58 silly addNameRange     '4.11.1',
58 silly addNameRange     '3.19.2',
58 silly addNameRange     '4.11.2',
58 silly addNameRange     '3.20.0',
58 silly addNameRange     '4.12.0',
58 silly addNameRange     '3.20.1',
58 silly addNameRange     '4.12.1',
58 silly addNameRange     '4.12.2',
58 silly addNameRange     '3.20.2',
58 silly addNameRange     '4.12.3',
58 silly addNameRange     '3.20.3',
58 silly addNameRange     '4.12.4',
58 silly addNameRange     '3.21.0',
58 silly addNameRange     '4.13.0',
58 silly addNameRange     '3.21.1',
58 silly addNameRange     '4.13.1',
58 silly addNameRange     '5.0.0-alpha.2',
58 silly addNameRange     '3.21.2',
58 silly addNameRange     '4.13.2',
58 silly addNameRange     '4.13.3',
58 silly addNameRange     '4.13.4' ] ]
59 silly addNamed express@4.2.0
60 verbose addNamed "4.2.0" is a plain semver version for express
61 silly cache afterAdd express@4.2.0
62 verbose afterAdd /home/abdullah/.npm/express/4.2.0/package/package.json not in flight; writing
63 verbose correctMkdir /home/abdullah/.npm correctMkdir not in flight; initializing
64 verbose afterAdd /home/abdullah/.npm/express/4.2.0/package/package.json written
65 silly rollbackFailedOptional Starting
66 silly rollbackFailedOptional Finishing
67 silly runTopLevelLifecycles Starting
68 silly runTopLevelLifecycles Finishing
69 silly install printInstalled
70 verbose stack Error: ENOENT: no such file or directory, open '/home/abdullah/isp/node_modules/bower/bin/bower install'
70 verbose stack     at Error (native)
71 verbose cwd /home/abdullah/isp
72 error Linux 3.13.0-74-generic
73 error argv "/usr/bin/nodejs" "/usr/bin/npm" "install" "--save"
74 error node v5.10.1
75 error npm  v3.8.3
76 error path /home/abdullah/isp/node_modules/bower/bin/bower install
77 error code ENOENT
78 error errno -2
79 error syscall open
80 error enoent ENOENT: no such file or directory, open '/home/abdullah/isp/node_modules/bower/bin/bower install'
81 error enoent ENOENT: no such file or directory, open '/home/abdullah/isp/node_modules/bower/bin/bower install'
81 error enoent This is most likely not a problem with npm itself
81 error enoent and is related to npm not being able to find a file.
82 verbose exit [ -2, true ]
